[2020-05-29T11:37:21.390] [ERROR] application - TypeError: Cannot read property 'split' of undefined
    at addTemplate (D:\1\starff-working\后台\app\controllers\document_controller.js:131:26)
    at dispatch (D:\1\starff-working\后台\node_modules\_koa-compose@3.2.1@koa-compose\index.js:44:32)
    at next (D:\1\starff-working\后台\node_modules\_koa-compose@3.2.1@koa-compose\index.js:45:18)
    at D:\1\starff-working\后台\node_modules\_koa-router@7.4.0@koa-router\lib\router.js:346:16
    at dispatch (D:\1\starff-working\后台\node_modules\_koa-compose@3.2.1@koa-compose\index.js:44:32)
    at D:\1\starff-working\后台\node_modules\_koa-compose@3.2.1@koa-compose\index.js:36:12
    at dispatch (D:\1\starff-working\后台\node_modules\_koa-router@7.4.0@koa-router\lib\router.js:351:31)
    at dispatch (D:\1\starff-working\后台\node_modules\_koa-compose@4.1.0@koa-compose\index.js:42:32)
    at allowedMethods (D:\1\starff-working\后台\node_modules\_koa-router@7.4.0@koa-router\lib\router.js:407:12)
    at dispatch (D:\1\starff-working\后台\node_modules\_koa-compose@4.1.0@koa-compose\index.js:42:32)
    at dispatch (D:\1\starff-working\后台\node_modules\_koa-router@7.4.0@koa-router\lib\router.js:332:32)
    at dispatch (D:\1\starff-working\后台\node_modules\_koa-compose@4.1.0@koa-compose\index.js:42:32)
    at allowedMethods (D:\1\starff-working\后台\node_modules\_koa-router@7.4.0@koa-router\lib\router.js:407:12)
    at dispatch (D:\1\starff-working\后台\node_modules\_koa-compose@4.1.0@koa-compose\index.js:42:32)
    at dispatch (D:\1\starff-working\后台\node_modules\_koa-router@7.4.0@koa-router\lib\router.js:332:32)
    at dispatch (D:\1\starff-working\后台\node_modules\_koa-compose@4.1.0@koa-compose\index.js:42:32)
[2020-05-29T11:39:46.113] [ERROR] application - TypeError: Cannot read property 'split' of undefined
    at addTemplate (D:\1\starff-working\后台\app\controllers\document_controller.js:131:26)
    at dispatch (D:\1\starff-working\后台\node_modules\_koa-compose@3.2.1@koa-compose\index.js:44:32)
    at next (D:\1\starff-working\后台\node_modules\_koa-compose@3.2.1@koa-compose\index.js:45:18)
    at D:\1\starff-working\后台\node_modules\_koa-router@7.4.0@koa-router\lib\router.js:346:16
    at dispatch (D:\1\starff-working\后台\node_modules\_koa-compose@3.2.1@koa-compose\index.js:44:32)
    at D:\1\starff-working\后台\node_modules\_koa-compose@3.2.1@koa-compose\index.js:36:12
    at dispatch (D:\1\starff-working\后台\node_modules\_koa-router@7.4.0@koa-router\lib\router.js:351:31)
    at dispatch (D:\1\starff-working\后台\node_modules\_koa-compose@4.1.0@koa-compose\index.js:42:32)
    at allowedMethods (D:\1\starff-working\后台\node_modules\_koa-router@7.4.0@koa-router\lib\router.js:407:12)
    at dispatch (D:\1\starff-working\后台\node_modules\_koa-compose@4.1.0@koa-compose\index.js:42:32)
    at dispatch (D:\1\starff-working\后台\node_modules\_koa-router@7.4.0@koa-router\lib\router.js:332:32)
    at dispatch (D:\1\starff-working\后台\node_modules\_koa-compose@4.1.0@koa-compose\index.js:42:32)
    at allowedMethods (D:\1\starff-working\后台\node_modules\_koa-router@7.4.0@koa-router\lib\router.js:407:12)
    at dispatch (D:\1\starff-working\后台\node_modules\_koa-compose@4.1.0@koa-compose\index.js:42:32)
    at dispatch (D:\1\starff-working\后台\node_modules\_koa-router@7.4.0@koa-router\lib\router.js:332:32)
    at dispatch (D:\1\starff-working\后台\node_modules\_koa-compose@4.1.0@koa-compose\index.js:42:32)
[2020-05-29T18:08:56.746] [ERROR] application - { ValidationError: documentDay validation failed: day: Path `day` is required., month: Path `month` is required., year: Path `year` is required., userName: Path `userName` is required., userId: Path `userId` is required., documentName: Path `documentName` is required.
    at ValidationError.inspect (D:\1\starff-working\后台\node_modules\_mongoose@5.9.15@mongoose\lib\error\validation.js:61:24)
    at formatValue (internal/util/inspect.js:491:31)
    at inspect (internal/util/inspect.js:189:10)
    at formatWithOptions (util.js:84:12)
    at Object.format (util.js:72:10)
    at basicLayout (D:\1\starff-working\后台\node_modules\_log4js@3.0.6@log4js\lib\layouts.js:69:12)
    at app (D:\1\starff-working\后台\node_modules\_log4js@3.0.6@log4js\lib\appenders\dateFile.js:30:19)
    at categoryAppenders.forEach (D:\1\starff-working\后台\node_modules\_log4js@3.0.6@log4js\lib\log4js.js:42:5)
    at Array.forEach (<anonymous>)
    at sendLogEventToAppender (D:\1\starff-working\后台\node_modules\_log4js@3.0.6@log4js\lib\log4js.js:41:21)
    at listeners.forEach.l (D:\1\starff-working\后台\node_modules\_log4js@3.0.6@log4js\lib\clustering.js:16:26)
    at Array.forEach (<anonymous>)
    at sendToListeners (D:\1\starff-working\后台\node_modules\_log4js@3.0.6@log4js\lib\clustering.js:16:13)
    at Object.send (D:\1\starff-working\后台\node_modules\_log4js@3.0.6@log4js\lib\clustering.js:78:7)
    at Logger._log (D:\1\starff-working\后台\node_modules\_log4js@3.0.6@log4js\lib\logger.js:56:16)
    at Logger.log (D:\1\starff-working\后台\node_modules\_log4js@3.0.6@log4js\lib\logger.js:45:12)
  errors:
   { day:
      { ValidatorError: Path `day` is required.
          at new ValidatorError (D:\1\starff-working\后台\node_modules\_mongoose@5.9.15@mongoose\lib\error\validator.js:29:11)
          at validate (D:\1\starff-working\后台\node_modules\_mongoose@5.9.15@mongoose\lib\schematype.js:1178:13)
          at D:\1\starff-working\后台\node_modules\_mongoose@5.9.15@mongoose\lib\schematype.js:1161:7
          at Array.forEach (<anonymous>)
          at SchemaString.SchemaType.doValidate (D:\1\starff-working\后台\node_modules\_mongoose@5.9.15@mongoose\lib\schematype.js:1106:14)
          at D:\1\starff-working\后台\node_modules\_mongoose@5.9.15@mongoose\lib\document.js:2378:18
          at process._tickCallback (internal/process/next_tick.js:61:11)
        message: 'Path `day` is required.',
        name: 'ValidatorError',
        properties: [Object],
        kind: 'required',
        path: 'day',
        value: undefined,
        reason: undefined,
        [Symbol(mongoose:validatorError)]: true },
     month:
      { ValidatorError: Path `month` is required.
          at new ValidatorError (D:\1\starff-working\后台\node_modules\_mongoose@5.9.15@mongoose\lib\error\validator.js:29:11)
          at validate (D:\1\starff-working\后台\node_modules\_mongoose@5.9.15@mongoose\lib\schematype.js:1178:13)
          at D:\1\starff-working\后台\node_modules\_mongoose@5.9.15@mongoose\lib\schematype.js:1161:7
          at Array.forEach (<anonymous>)
          at SchemaString.SchemaType.doValidate (D:\1\starff-working\后台\node_modules\_mongoose@5.9.15@mongoose\lib\schematype.js:1106:14)
          at D:\1\starff-working\后台\node_modules\_mongoose@5.9.15@mongoose\lib\document.js:2378:18
          at process._tickCallback (internal/process/next_tick.js:61:11)
        message: 'Path `month` is required.',
        name: 'ValidatorError',
        properties: [Object],
        kind: 'required',
        path: 'month',
        value: undefined,
        reason: undefined,
        [Symbol(mongoose:validatorError)]: true },
     year:
      { ValidatorError: Path `year` is required.
          at new ValidatorError (D:\1\starff-working\后台\node_modules\_mongoose@5.9.15@mongoose\lib\error\validator.js:29:11)
          at validate (D:\1\starff-working\后台\node_modules\_mongoose@5.9.15@mongoose\lib\schematype.js:1178:13)
          at D:\1\starff-working\后台\node_modules\_mongoose@5.9.15@mongoose\lib\schematype.js:1161:7
          at Array.forEach (<anonymous>)
          at SchemaString.SchemaType.doValidate (D:\1\starff-working\后台\node_modules\_mongoose@5.9.15@mongoose\lib\schematype.js:1106:14)
          at D:\1\starff-working\后台\node_modules\_mongoose@5.9.15@mongoose\lib\document.js:2378:18
          at process._tickCallback (internal/process/next_tick.js:61:11)
        message: 'Path `year` is required.',
        name: 'ValidatorError',
        properties: [Object],
        kind: 'required',
        path: 'year',
        value: undefined,
        reason: undefined,
        [Symbol(mongoose:validatorError)]: true },
     userName:
      { ValidatorError: Path `userName` is required.
          at new ValidatorError (D:\1\starff-working\后台\node_modules\_mongoose@5.9.15@mongoose\lib\error\validator.js:29:11)
          at validate (D:\1\starff-working\后台\node_modules\_mongoose@5.9.15@mongoose\lib\schematype.js:1178:13)
          at D:\1\starff-working\后台\node_modules\_mongoose@5.9.15@mongoose\lib\schematype.js:1161:7
          at Array.forEach (<anonymous>)
          at SchemaString.SchemaType.doValidate (D:\1\starff-working\后台\node_modules\_mongoose@5.9.15@mongoose\lib\schematype.js:1106:14)
          at D:\1\starff-working\后台\node_modules\_mongoose@5.9.15@mongoose\lib\document.js:2378:18
          at process._tickCallback (internal/process/next_tick.js:61:11)
        message: 'Path `userName` is required.',
        name: 'ValidatorError',
        properties: [Object],
        kind: 'required',
        path: 'userName',
        value: undefined,
        reason: undefined,
        [Symbol(mongoose:validatorError)]: true },
     userId:
      { ValidatorError: Path `userId` is required.
          at new ValidatorError (D:\1\starff-working\后台\node_modules\_mongoose@5.9.15@mongoose\lib\error\validator.js:29:11)
          at validate (D:\1\starff-working\后台\node_modules\_mongoose@5.9.15@mongoose\lib\schematype.js:1178:13)
          at D:\1\starff-working\后台\node_modules\_mongoose@5.9.15@mongoose\lib\schematype.js:1161:7
          at Array.forEach (<anonymous>)
          at SchemaString.SchemaType.doValidate (D:\1\starff-working\后台\node_modules\_mongoose@5.9.15@mongoose\lib\schematype.js:1106:14)
          at D:\1\starff-working\后台\node_modules\_mongoose@5.9.15@mongoose\lib\document.js:2378:18
          at process._tickCallback (internal/process/next_tick.js:61:11)
        message: 'Path `userId` is required.',
        name: 'ValidatorError',
        properties: [Object],
        kind: 'required',
        path: 'userId',
        value: undefined,
        reason: undefined,
        [Symbol(mongoose:validatorError)]: true },
     documentName:
      { ValidatorError: Path `documentName` is required.
          at new ValidatorError (D:\1\starff-working\后台\node_modules\_mongoose@5.9.15@mongoose\lib\error\validator.js:29:11)
          at validate (D:\1\starff-working\后台\node_modules\_mongoose@5.9.15@mongoose\lib\schematype.js:1178:13)
          at D:\1\starff-working\后台\node_modules\_mongoose@5.9.15@mongoose\lib\schematype.js:1161:7
          at Array.forEach (<anonymous>)
          at SchemaString.SchemaType.doValidate (D:\1\starff-working\后台\node_modules\_mongoose@5.9.15@mongoose\lib\schematype.js:1106:14)
          at D:\1\starff-working\后台\node_modules\_mongoose@5.9.15@mongoose\lib\document.js:2378:18
          at process._tickCallback (internal/process/next_tick.js:61:11)
        message: 'Path `documentName` is required.',
        name: 'ValidatorError',
        properties: [Object],
        kind: 'required',
        path: 'documentName',
        value: undefined,
        reason: undefined,
        [Symbol(mongoose:validatorError)]: true } },
  _message: 'documentDay validation failed',
  name: 'ValidationError' }
[2020-05-29T18:10:00.698] [ERROR] application - { ValidationError: documentDay validation failed: contentDescription: Path `contentDescription` is required., contentTitle: Path `contentTitle` is required., systemName: Path `systemName` is required., systemId: Path `systemId` is required., day: Path `day` is required., month: Path `month` is required., year: Path `year` is required., userName: Path `userName` is required., userId: Path `userId` is required., documentName: Path `documentName` is required.
    at ValidationError.inspect (D:\1\starff-working\后台\node_modules\_mongoose@5.9.15@mongoose\lib\error\validation.js:61:24)
    at formatValue (internal/util/inspect.js:491:31)
    at inspect (internal/util/inspect.js:189:10)
    at formatWithOptions (util.js:84:12)
    at Object.format (util.js:72:10)
    at basicLayout (D:\1\starff-working\后台\node_modules\_log4js@3.0.6@log4js\lib\layouts.js:69:12)
    at app (D:\1\starff-working\后台\node_modules\_log4js@3.0.6@log4js\lib\appenders\dateFile.js:30:19)
    at categoryAppenders.forEach (D:\1\starff-working\后台\node_modules\_log4js@3.0.6@log4js\lib\log4js.js:42:5)
    at Array.forEach (<anonymous>)
    at sendLogEventToAppender (D:\1\starff-working\后台\node_modules\_log4js@3.0.6@log4js\lib\log4js.js:41:21)
    at listeners.forEach.l (D:\1\starff-working\后台\node_modules\_log4js@3.0.6@log4js\lib\clustering.js:16:26)
    at Array.forEach (<anonymous>)
    at sendToListeners (D:\1\starff-working\后台\node_modules\_log4js@3.0.6@log4js\lib\clustering.js:16:13)
    at Object.send (D:\1\starff-working\后台\node_modules\_log4js@3.0.6@log4js\lib\clustering.js:78:7)
    at Logger._log (D:\1\starff-working\后台\node_modules\_log4js@3.0.6@log4js\lib\logger.js:56:16)
    at Logger.log (D:\1\starff-working\后台\node_modules\_log4js@3.0.6@log4js\lib\logger.js:45:12)
  errors:
   { contentDescription:
      { ValidatorError: Path `contentDescription` is required.
          at new ValidatorError (D:\1\starff-working\后台\node_modules\_mongoose@5.9.15@mongoose\lib\error\validator.js:29:11)
          at validate (D:\1\starff-working\后台\node_modules\_mongoose@5.9.15@mongoose\lib\schematype.js:1178:13)
          at D:\1\starff-working\后台\node_modules\_mongoose@5.9.15@mongoose\lib\schematype.js:1161:7
          at Array.forEach (<anonymous>)
          at SchemaString.SchemaType.doValidate (D:\1\starff-working\后台\node_modules\_mongoose@5.9.15@mongoose\lib\schematype.js:1106:14)
          at D:\1\starff-working\后台\node_modules\_mongoose@5.9.15@mongoose\lib\document.js:2378:18
          at process._tickCallback (internal/process/next_tick.js:61:11)
        message: 'Path `contentDescription` is required.',
        name: 'ValidatorError',
        properties: [Object],
        kind: 'required',
        path: 'contentDescription',
        value: undefined,
        reason: undefined,
        [Symbol(mongoose:validatorError)]: true },
     contentTitle:
      { ValidatorError: Path `contentTitle` is required.
          at new ValidatorError (D:\1\starff-working\后台\node_modules\_mongoose@5.9.15@mongoose\lib\error\validator.js:29:11)
          at validate (D:\1\starff-working\后台\node_modules\_mongoose@5.9.15@mongoose\lib\schematype.js:1178:13)
          at D:\1\starff-working\后台\node_modules\_mongoose@5.9.15@mongoose\lib\schematype.js:1161:7
          at Array.forEach (<anonymous>)
          at SchemaString.SchemaType.doValidate (D:\1\starff-working\后台\node_modules\_mongoose@5.9.15@mongoose\lib\schematype.js:1106:14)
          at D:\1\starff-working\后台\node_modules\_mongoose@5.9.15@mongoose\lib\document.js:2378:18
          at process._tickCallback (internal/process/next_tick.js:61:11)
        message: 'Path `contentTitle` is required.',
        name: 'ValidatorError',
        properties: [Object],
        kind: 'required',
        path: 'contentTitle',
        value: undefined,
        reason: undefined,
        [Symbol(mongoose:validatorError)]: true },
     systemName:
      { ValidatorError: Path `systemName` is required.
          at new ValidatorError (D:\1\starff-working\后台\node_modules\_mongoose@5.9.15@mongoose\lib\error\validator.js:29:11)
          at validate (D:\1\starff-working\后台\node_modules\_mongoose@5.9.15@mongoose\lib\schematype.js:1178:13)
          at D:\1\starff-working\后台\node_modules\_mongoose@5.9.15@mongoose\lib\schematype.js:1161:7
          at Array.forEach (<anonymous>)
          at SchemaString.SchemaType.doValidate (D:\1\starff-working\后台\node_modules\_mongoose@5.9.15@mongoose\lib\schematype.js:1106:14)
          at D:\1\starff-working\后台\node_modules\_mongoose@5.9.15@mongoose\lib\document.js:2378:18
          at process._tickCallback (internal/process/next_tick.js:61:11)
        message: 'Path `systemName` is required.',
        name: 'ValidatorError',
        properties: [Object],
        kind: 'required',
        path: 'systemName',
        value: undefined,
        reason: undefined,
        [Symbol(mongoose:validatorError)]: true },
     systemId:
      { ValidatorError: Path `systemId` is required.
          at new ValidatorError (D:\1\starff-working\后台\node_modules\_mongoose@5.9.15@mongoose\lib\error\validator.js:29:11)
          at validate (D:\1\starff-working\后台\node_modules\_mongoose@5.9.15@mongoose\lib\schematype.js:1178:13)
          at D:\1\starff-working\后台\node_modules\_mongoose@5.9.15@mongoose\lib\schematype.js:1161:7
          at Array.forEach (<anonymous>)
          at SchemaString.SchemaType.doValidate (D:\1\starff-working\后台\node_modules\_mongoose@5.9.15@mongoose\lib\schematype.js:1106:14)
          at D:\1\starff-working\后台\node_modules\_mongoose@5.9.15@mongoose\lib\document.js:2378:18
          at process._tickCallback (internal/process/next_tick.js:61:11)
        message: 'Path `systemId` is required.',
        name: 'ValidatorError',
        properties: [Object],
        kind: 'required',
        path: 'systemId',
        value: undefined,
        reason: undefined,
        [Symbol(mongoose:validatorError)]: true },
     day:
      { ValidatorError: Path `day` is required.
          at new ValidatorError (D:\1\starff-working\后台\node_modules\_mongoose@5.9.15@mongoose\lib\error\validator.js:29:11)
          at validate (D:\1\starff-working\后台\node_modules\_mongoose@5.9.15@mongoose\lib\schematype.js:1178:13)
          at D:\1\starff-working\后台\node_modules\_mongoose@5.9.15@mongoose\lib\schematype.js:1161:7
          at Array.forEach (<anonymous>)
          at SchemaString.SchemaType.doValidate (D:\1\starff-working\后台\node_modules\_mongoose@5.9.15@mongoose\lib\schematype.js:1106:14)
          at D:\1\starff-working\后台\node_modules\_mongoose@5.9.15@mongoose\lib\document.js:2378:18
          at process._tickCallback (internal/process/next_tick.js:61:11)
        message: 'Path `day` is required.',
        name: 'ValidatorError',
        properties: [Object],
        kind: 'required',
        path: 'day',
        value: undefined,
        reason: undefined,
        [Symbol(mongoose:validatorError)]: true },
     month:
      { ValidatorError: Path `month` is required.
          at new ValidatorError (D:\1\starff-working\后台\node_modules\_mongoose@5.9.15@mongoose\lib\error\validator.js:29:11)
          at validate (D:\1\starff-working\后台\node_modules\_mongoose@5.9.15@mongoose\lib\schematype.js:1178:13)
          at D:\1\starff-working\后台\node_modules\_mongoose@5.9.15@mongoose\lib\schematype.js:1161:7
          at Array.forEach (<anonymous>)
          at SchemaString.SchemaType.doValidate (D:\1\starff-working\后台\node_modules\_mongoose@5.9.15@mongoose\lib\schematype.js:1106:14)
          at D:\1\starff-working\后台\node_modules\_mongoose@5.9.15@mongoose\lib\document.js:2378:18
          at process._tickCallback (internal/process/next_tick.js:61:11)
        message: 'Path `month` is required.',
        name: 'ValidatorError',
        properties: [Object],
        kind: 'required',
        path: 'month',
        value: undefined,
        reason: undefined,
        [Symbol(mongoose:validatorError)]: true },
     year:
      { ValidatorError: Path `year` is required.
          at new ValidatorError (D:\1\starff-working\后台\node_modules\_mongoose@5.9.15@mongoose\lib\error\validator.js:29:11)
          at validate (D:\1\starff-working\后台\node_modules\_mongoose@5.9.15@mongoose\lib\schematype.js:1178:13)
          at D:\1\starff-working\后台\node_modules\_mongoose@5.9.15@mongoose\lib\schematype.js:1161:7
          at Array.forEach (<anonymous>)
          at SchemaString.SchemaType.doValidate (D:\1\starff-working\后台\node_modules\_mongoose@5.9.15@mongoose\lib\schematype.js:1106:14)
          at D:\1\starff-working\后台\node_modules\_mongoose@5.9.15@mongoose\lib\document.js:2378:18
          at process._tickCallback (internal/process/next_tick.js:61:11)
        message: 'Path `year` is required.',
        name: 'ValidatorError',
        properties: [Object],
        kind: 'required',
        path: 'year',
        value: undefined,
        reason: undefined,
        [Symbol(mongoose:validatorError)]: true },
     userName:
      { ValidatorError: Path `userName` is required.
          at new ValidatorError (D:\1\starff-working\后台\node_modules\_mongoose@5.9.15@mongoose\lib\error\validator.js:29:11)
          at validate (D:\1\starff-working\后台\node_modules\_mongoose@5.9.15@mongoose\lib\schematype.js:1178:13)
          at D:\1\starff-working\后台\node_modules\_mongoose@5.9.15@mongoose\lib\schematype.js:1161:7
          at Array.forEach (<anonymous>)
          at SchemaString.SchemaType.doValidate (D:\1\starff-working\后台\node_modules\_mongoose@5.9.15@mongoose\lib\schematype.js:1106:14)
          at D:\1\starff-working\后台\node_modules\_mongoose@5.9.15@mongoose\lib\document.js:2378:18
          at process._tickCallback (internal/process/next_tick.js:61:11)
        message: 'Path `userName` is required.',
        name: 'ValidatorError',
        properties: [Object],
        kind: 'required',
        path: 'userName',
        value: undefined,
        reason: undefined,
        [Symbol(mongoose:validatorError)]: true },
     userId:
      { ValidatorError: Path `userId` is required.
          at new ValidatorError (D:\1\starff-working\后台\node_modules\_mongoose@5.9.15@mongoose\lib\error\validator.js:29:11)
          at validate (D:\1\starff-working\后台\node_modules\_mongoose@5.9.15@mongoose\lib\schematype.js:1178:13)
          at D:\1\starff-working\后台\node_modules\_mongoose@5.9.15@mongoose\lib\schematype.js:1161:7
          at Array.forEach (<anonymous>)
          at SchemaString.SchemaType.doValidate (D:\1\starff-working\后台\node_modules\_mongoose@5.9.15@mongoose\lib\schematype.js:1106:14)
          at D:\1\starff-working\后台\node_modules\_mongoose@5.9.15@mongoose\lib\document.js:2378:18
          at process._tickCallback (internal/process/next_tick.js:61:11)
        message: 'Path `userId` is required.',
        name: 'ValidatorError',
        properties: [Object],
        kind: 'required',
        path: 'userId',
        value: undefined,
        reason: undefined,
        [Symbol(mongoose:validatorError)]: true },
     documentName:
      { ValidatorError: Path `documentName` is required.
          at new ValidatorError (D:\1\starff-working\后台\node_modules\_mongoose@5.9.15@mongoose\lib\error\validator.js:29:11)
          at validate (D:\1\starff-working\后台\node_modules\_mongoose@5.9.15@mongoose\lib\schematype.js:1178:13)
          at D:\1\starff-working\后台\node_modules\_mongoose@5.9.15@mongoose\lib\schematype.js:1161:7
          at Array.forEach (<anonymous>)
          at SchemaString.SchemaType.doValidate (D:\1\starff-working\后台\node_modules\_mongoose@5.9.15@mongoose\lib\schematype.js:1106:14)
          at D:\1\starff-working\后台\node_modules\_mongoose@5.9.15@mongoose\lib\document.js:2378:18
          at process._tickCallback (internal/process/next_tick.js:61:11)
        message: 'Path `documentName` is required.',
        name: 'ValidatorError',
        properties: [Object],
        kind: 'required',
        path: 'documentName',
        value: undefined,
        reason: undefined,
        [Symbol(mongoose:validatorError)]: true } },
  _message: 'documentDay validation failed',
  name: 'ValidationError' }
[2020-05-29T18:11:31.260] [ERROR] application - { ValidationError: documentDay validation failed: contentDescription: Path `contentDescription` is required., contentTitle: Path `contentTitle` is required., systemName: Path `systemName` is required., systemId: Path `systemId` is required., day: Path `day` is required., month: Path `month` is required., year: Path `year` is required., userName: Path `userName` is required., userId: Path `userId` is required., documentName: Path `documentName` is required.
    at ValidationError.inspect (D:\1\starff-working\后台\node_modules\_mongoose@5.9.15@mongoose\lib\error\validation.js:61:24)
    at formatValue (internal/util/inspect.js:491:31)
    at inspect (internal/util/inspect.js:189:10)
    at formatWithOptions (util.js:84:12)
    at Object.format (util.js:72:10)
    at basicLayout (D:\1\starff-working\后台\node_modules\_log4js@3.0.6@log4js\lib\layouts.js:69:12)
    at app (D:\1\starff-working\后台\node_modules\_log4js@3.0.6@log4js\lib\appenders\dateFile.js:30:19)
    at categoryAppenders.forEach (D:\1\starff-working\后台\node_modules\_log4js@3.0.6@log4js\lib\log4js.js:42:5)
    at Array.forEach (<anonymous>)
    at sendLogEventToAppender (D:\1\starff-working\后台\node_modules\_log4js@3.0.6@log4js\lib\log4js.js:41:21)
    at listeners.forEach.l (D:\1\starff-working\后台\node_modules\_log4js@3.0.6@log4js\lib\clustering.js:16:26)
    at Array.forEach (<anonymous>)
    at sendToListeners (D:\1\starff-working\后台\node_modules\_log4js@3.0.6@log4js\lib\clustering.js:16:13)
    at Object.send (D:\1\starff-working\后台\node_modules\_log4js@3.0.6@log4js\lib\clustering.js:78:7)
    at Logger._log (D:\1\starff-working\后台\node_modules\_log4js@3.0.6@log4js\lib\logger.js:56:16)
    at Logger.log (D:\1\starff-working\后台\node_modules\_log4js@3.0.6@log4js\lib\logger.js:45:12)
  errors:
   { contentDescription:
      { ValidatorError: Path `contentDescription` is required.
          at new ValidatorError (D:\1\starff-working\后台\node_modules\_mongoose@5.9.15@mongoose\lib\error\validator.js:29:11)
          at validate (D:\1\starff-working\后台\node_modules\_mongoose@5.9.15@mongoose\lib\schematype.js:1178:13)
          at D:\1\starff-working\后台\node_modules\_mongoose@5.9.15@mongoose\lib\schematype.js:1161:7
          at Array.forEach (<anonymous>)
          at SchemaString.SchemaType.doValidate (D:\1\starff-working\后台\node_modules\_mongoose@5.9.15@mongoose\lib\schematype.js:1106:14)
          at D:\1\starff-working\后台\node_modules\_mongoose@5.9.15@mongoose\lib\document.js:2378:18
          at process._tickCallback (internal/process/next_tick.js:61:11)
        message: 'Path `contentDescription` is required.',
        name: 'ValidatorError',
        properties: [Object],
        kind: 'required',
        path: 'contentDescription',
        value: undefined,
        reason: undefined,
        [Symbol(mongoose:validatorError)]: true },
     contentTitle:
      { ValidatorError: Path `contentTitle` is required.
          at new ValidatorError (D:\1\starff-working\后台\node_modules\_mongoose@5.9.15@mongoose\lib\error\validator.js:29:11)
          at validate (D:\1\starff-working\后台\node_modules\_mongoose@5.9.15@mongoose\lib\schematype.js:1178:13)
          at D:\1\starff-working\后台\node_modules\_mongoose@5.9.15@mongoose\lib\schematype.js:1161:7
          at Array.forEach (<anonymous>)
          at SchemaString.SchemaType.doValidate (D:\1\starff-working\后台\node_modules\_mongoose@5.9.15@mongoose\lib\schematype.js:1106:14)
          at D:\1\starff-working\后台\node_modules\_mongoose@5.9.15@mongoose\lib\document.js:2378:18
          at process._tickCallback (internal/process/next_tick.js:61:11)
        message: 'Path `contentTitle` is required.',
        name: 'ValidatorError',
        properties: [Object],
        kind: 'required',
        path: 'contentTitle',
        value: undefined,
        reason: undefined,
        [Symbol(mongoose:validatorError)]: true },
     systemName:
      { ValidatorError: Path `systemName` is required.
          at new ValidatorError (D:\1\starff-working\后台\node_modules\_mongoose@5.9.15@mongoose\lib\error\validator.js:29:11)
          at validate (D:\1\starff-working\后台\node_modules\_mongoose@5.9.15@mongoose\lib\schematype.js:1178:13)
          at D:\1\starff-working\后台\node_modules\_mongoose@5.9.15@mongoose\lib\schematype.js:1161:7
          at Array.forEach (<anonymous>)
          at SchemaString.SchemaType.doValidate (D:\1\starff-working\后台\node_modules\_mongoose@5.9.15@mongoose\lib\schematype.js:1106:14)
          at D:\1\starff-working\后台\node_modules\_mongoose@5.9.15@mongoose\lib\document.js:2378:18
          at process._tickCallback (internal/process/next_tick.js:61:11)
        message: 'Path `systemName` is required.',
        name: 'ValidatorError',
        properties: [Object],
        kind: 'required',
        path: 'systemName',
        value: undefined,
        reason: undefined,
        [Symbol(mongoose:validatorError)]: true },
     systemId:
      { ValidatorError: Path `systemId` is required.
          at new ValidatorError (D:\1\starff-working\后台\node_modules\_mongoose@5.9.15@mongoose\lib\error\validator.js:29:11)
          at validate (D:\1\starff-working\后台\node_modules\_mongoose@5.9.15@mongoose\lib\schematype.js:1178:13)
          at D:\1\starff-working\后台\node_modules\_mongoose@5.9.15@mongoose\lib\schematype.js:1161:7
          at Array.forEach (<anonymous>)
          at SchemaString.SchemaType.doValidate (D:\1\starff-working\后台\node_modules\_mongoose@5.9.15@mongoose\lib\schematype.js:1106:14)
          at D:\1\starff-working\后台\node_modules\_mongoose@5.9.15@mongoose\lib\document.js:2378:18
          at process._tickCallback (internal/process/next_tick.js:61:11)
        message: 'Path `systemId` is required.',
        name: 'ValidatorError',
        properties: [Object],
        kind: 'required',
        path: 'systemId',
        value: undefined,
        reason: undefined,
        [Symbol(mongoose:validatorError)]: true },
     day:
      { ValidatorError: Path `day` is required.
          at new ValidatorError (D:\1\starff-working\后台\node_modules\_mongoose@5.9.15@mongoose\lib\error\validator.js:29:11)
          at validate (D:\1\starff-working\后台\node_modules\_mongoose@5.9.15@mongoose\lib\schematype.js:1178:13)
          at D:\1\starff-working\后台\node_modules\_mongoose@5.9.15@mongoose\lib\schematype.js:1161:7
          at Array.forEach (<anonymous>)
          at SchemaString.SchemaType.doValidate (D:\1\starff-working\后台\node_modules\_mongoose@5.9.15@mongoose\lib\schematype.js:1106:14)
          at D:\1\starff-working\后台\node_modules\_mongoose@5.9.15@mongoose\lib\document.js:2378:18
          at process._tickCallback (internal/process/next_tick.js:61:11)
        message: 'Path `day` is required.',
        name: 'ValidatorError',
        properties: [Object],
        kind: 'required',
        path: 'day',
        value: undefined,
        reason: undefined,
        [Symbol(mongoose:validatorError)]: true },
     month:
      { ValidatorError: Path `month` is required.
          at new ValidatorError (D:\1\starff-working\后台\node_modules\_mongoose@5.9.15@mongoose\lib\error\validator.js:29:11)
          at validate (D:\1\starff-working\后台\node_modules\_mongoose@5.9.15@mongoose\lib\schematype.js:1178:13)
          at D:\1\starff-working\后台\node_modules\_mongoose@5.9.15@mongoose\lib\schematype.js:1161:7
          at Array.forEach (<anonymous>)
          at SchemaString.SchemaType.doValidate (D:\1\starff-working\后台\node_modules\_mongoose@5.9.15@mongoose\lib\schematype.js:1106:14)
          at D:\1\starff-working\后台\node_modules\_mongoose@5.9.15@mongoose\lib\document.js:2378:18
          at process._tickCallback (internal/process/next_tick.js:61:11)
        message: 'Path `month` is required.',
        name: 'ValidatorError',
        properties: [Object],
        kind: 'required',
        path: 'month',
        value: undefined,
        reason: undefined,
        [Symbol(mongoose:validatorError)]: true },
     year:
      { ValidatorError: Path `year` is required.
          at new ValidatorError (D:\1\starff-working\后台\node_modules\_mongoose@5.9.15@mongoose\lib\error\validator.js:29:11)
          at validate (D:\1\starff-working\后台\node_modules\_mongoose@5.9.15@mongoose\lib\schematype.js:1178:13)
          at D:\1\starff-working\后台\node_modules\_mongoose@5.9.15@mongoose\lib\schematype.js:1161:7
          at Array.forEach (<anonymous>)
          at SchemaString.SchemaType.doValidate (D:\1\starff-working\后台\node_modules\_mongoose@5.9.15@mongoose\lib\schematype.js:1106:14)
          at D:\1\starff-working\后台\node_modules\_mongoose@5.9.15@mongoose\lib\document.js:2378:18
          at process._tickCallback (internal/process/next_tick.js:61:11)
        message: 'Path `year` is required.',
        name: 'ValidatorError',
        properties: [Object],
        kind: 'required',
        path: 'year',
        value: undefined,
        reason: undefined,
        [Symbol(mongoose:validatorError)]: true },
     userName:
      { ValidatorError: Path `userName` is required.
          at new ValidatorError (D:\1\starff-working\后台\node_modules\_mongoose@5.9.15@mongoose\lib\error\validator.js:29:11)
          at validate (D:\1\starff-working\后台\node_modules\_mongoose@5.9.15@mongoose\lib\schematype.js:1178:13)
          at D:\1\starff-working\后台\node_modules\_mongoose@5.9.15@mongoose\lib\schematype.js:1161:7
          at Array.forEach (<anonymous>)
          at SchemaString.SchemaType.doValidate (D:\1\starff-working\后台\node_modules\_mongoose@5.9.15@mongoose\lib\schematype.js:1106:14)
          at D:\1\starff-working\后台\node_modules\_mongoose@5.9.15@mongoose\lib\document.js:2378:18
          at process._tickCallback (internal/process/next_tick.js:61:11)
        message: 'Path `userName` is required.',
        name: 'ValidatorError',
        properties: [Object],
        kind: 'required',
        path: 'userName',
        value: undefined,
        reason: undefined,
        [Symbol(mongoose:validatorError)]: true },
     userId:
      { ValidatorError: Path `userId` is required.
          at new ValidatorError (D:\1\starff-working\后台\node_modules\_mongoose@5.9.15@mongoose\lib\error\validator.js:29:11)
          at validate (D:\1\starff-working\后台\node_modules\_mongoose@5.9.15@mongoose\lib\schematype.js:1178:13)
          at D:\1\starff-working\后台\node_modules\_mongoose@5.9.15@mongoose\lib\schematype.js:1161:7
          at Array.forEach (<anonymous>)
          at SchemaString.SchemaType.doValidate (D:\1\starff-working\后台\node_modules\_mongoose@5.9.15@mongoose\lib\schematype.js:1106:14)
          at D:\1\starff-working\后台\node_modules\_mongoose@5.9.15@mongoose\lib\document.js:2378:18
          at process._tickCallback (internal/process/next_tick.js:61:11)
        message: 'Path `userId` is required.',
        name: 'ValidatorError',
        properties: [Object],
        kind: 'required',
        path: 'userId',
        value: undefined,
        reason: undefined,
        [Symbol(mongoose:validatorError)]: true },
     documentName:
      { ValidatorError: Path `documentName` is required.
          at new ValidatorError (D:\1\starff-working\后台\node_modules\_mongoose@5.9.15@mongoose\lib\error\validator.js:29:11)
          at validate (D:\1\starff-working\后台\node_modules\_mongoose@5.9.15@mongoose\lib\schematype.js:1178:13)
          at D:\1\starff-working\后台\node_modules\_mongoose@5.9.15@mongoose\lib\schematype.js:1161:7
          at Array.forEach (<anonymous>)
          at SchemaString.SchemaType.doValidate (D:\1\starff-working\后台\node_modules\_mongoose@5.9.15@mongoose\lib\schematype.js:1106:14)
          at D:\1\starff-working\后台\node_modules\_mongoose@5.9.15@mongoose\lib\document.js:2378:18
          at process._tickCallback (internal/process/next_tick.js:61:11)
        message: 'Path `documentName` is required.',
        name: 'ValidatorError',
        properties: [Object],
        kind: 'required',
        path: 'documentName',
        value: undefined,
        reason: undefined,
        [Symbol(mongoose:validatorError)]: true } },
  _message: 'documentDay validation failed',
  name: 'ValidationError' }
